<?xml version="1.0" encoding="UTF-8"?>
<!-- Generated by org.testng.reporters.JUnitReportReporter -->
<testsuite skipped="1" hostname="LAPTOP-28B427OK" name="com.Test_Runner.TestRunnerwithTestNG" tests="1" failures="0" timestamp="9 Dec 2020 14:36:40 GMT" time="0.000" errors="0">
  <testcase name="runScenario" time="0.000" classname="com.Test_Runner.TestRunnerwithTestNG">
    <skipped/>
  </testcase> <!-- runScenario -->
</testsuite> <!-- com.Test_Runner.TestRunnerwithTestNG -->
